<?xml version="1.0" encoding="UTF-8"?>
<!-- Generated by org.testng.reporters.JUnitXMLReporter -->
<testsuite hostname="ICPL11493" ignored="0" name="BDD Test" tests="1" failures="1" timestamp="08 Aug 2017 10:58:14 GMT" time="75.157" errors="0">
  <testcase name="SampleTest" time="51.345" classname="com.qmetry.qaf.automation.step.client.Scenario">
    <failure type="java.lang.AssertionError" message="product is not display in the cart">
      <![CDATA[java.lang.AssertionError: product is not display in the cart
	at .Then verify product is added to the cart(scenarios/suite1.bdd:11)
	at com.qmetry.qaf.automation.core.QAFTestBase.fail(QAFTestBase.java:256)
	at com.perfecto.sample.steps.StepsBackLog.verify_product_is_added_to_the_cart_aroundBody10(StepsBackLog.java:83)
	at com.qmetry.qaf.automation.step.JavaStepReporter.javaTestStep(JavaStepReporter.java:101)
	at com.perfecto.sample.steps.StepsBackLog.verify_product_is_added_to_the_cart(StepsBackLog.java:75)
	at com.qmetry.qaf.automation.step.JavaStep.doExecute(JavaStep.java:160)
	at com.qmetry.qaf.automation.step.BaseTestStep.execute(BaseTestStep.java:149)
	at com.qmetry.qaf.automation.step.StringTestStep.execute(StringTestStep.java:134)
	at com.qmetry.qaf.automation.step.client.Scenario.execute(Scenario.java:167)
	at com.qmetry.qaf.automation.step.client.Scenario.scenario(Scenario.java:219)
]]>
    </failure>
  </testcase> <!-- SampleTest -->
</testsuite> <!-- BDD Test -->
