<?xml version="1.0" encoding="UTF-8"?>
<!-- Generated by org.testng.reporters.JUnitXMLReporter -->
<testsuite hostname="ICPL11493" ignored="0" name="BDD Test" tests="1" failures="1" timestamp="07 Aug 2017 07:38:02 GMT" time="50.273" errors="0">
  <testcase name="SampleTest" time="28.865" classname="com.qmetry.qaf.automation.step.client.Scenario">
    <failure type="org.openqa.selenium.WebDriverException" message="Build info: version: &amp;apos;2.53.0&amp;apos;, revision: &amp;apos;35ae25b1534ae328c771e0856c93e187490ca824&amp;apos;, time: &amp;apos;2016-03-15 10:43:46&amp;apos;
System info: host: &amp;apos;ICPL11493&amp;apos;, ip: &amp;apos;10.11.31.109&amp;apos;, os.name: &amp;apos;Windows 8&amp;apos;, os.arch: &amp;apos;amd64&amp;apos;, os.version: &amp;apos;6.2&amp;apos;, java.version: &amp;apos;1.8.0_111&amp;apos;
Driver info: com.qmetry.qaf.automation.ui.webdriver.QAFExtendedWebDriver
Capabilities [{appPackage=com.amazon.mShop.android, reportPdfUrl=https://partners.reporting.perfectomobile.com/export/api/v1/test-executions/pdf?externalId[0]=is_user2@infostretch.com_RemoteWebDriver_17-08-07_07_37_14_6579&amp;amp;_timestamp[0]=1502091434565, deviceName=632E9899, platform=ANY, password=, driverClass=io.appium.java_client.android.AndroidDriver, automationName=Appium, host=partners.perfectomobile.com, singleTestReportUrl=https://partners.reporting.perfectomobile.com?externalId[0]=is_user2@infostretch.com_RemoteWebDriver_17-08-07_07_37_14_6579&amp;amp;_timestamp[0]=1502091434565, takesScreenshot=true, javascriptEnabled=true, platformName=Android, applicationName=Amazon, rotatable=true, testGridReportUrl=https://partners.reporting.perfectomobile.com?externalId[0]=is_user2@infostretch.com_RemoteWebDriver_17-08-07_07_37_14_6579&amp;amp;_timestamp[0]=1502091434565, entityType=appium_driver, serverConnector=, securityToken=, executionId=is_user2@infostretch.com_RemoteWebDriver_17-08-07_07_37_14_6579, webdriver.remote.sessionid=907198e4-4ba2-4865-a0f6-dc5d08c0f45f, autoLaunch=true, locationContextEnabled=true, scriptName=RemoteWebDriver, reportKey=is_user2@infostretch.com_RemoteWebDriver_17-08-07_07_37_14_6579, windTunnelReportUrl=https://partners.reporting.perfectomobile.com?externalId[0]=is_user2@infostretch.com_RemoteWebDriver_17-08-07_07_37_14_6579&amp;amp;_timestamp[0]=1502091434565, user=, cssSelectorsEnabled=true, autoAcceptAlerts=true}]
Session ID: 907198e4-4ba2-4865-a0f6-dc5d08c0f45f">
      <![CDATA[org.openqa.selenium.WebDriverException: Build info: version: '2.53.0', revision: '35ae25b1534ae328c771e0856c93e187490ca824', time: '2016-03-15 10:43:46'
System info: host: 'ICPL11493', ip: '10.11.31.109', os.name: 'Windows 8', os.arch: 'amd64', os.version: '6.2', java.version: '1.8.0_111'
Driver info: com.qmetry.qaf.automation.ui.webdriver.QAFExtendedWebDriver
Capabilities [{appPackage=com.amazon.mShop.android, reportPdfUrl=https://partners.reporting.perfectomobile.com/export/api/v1/test-executions/pdf?externalId[0]=is_user2@infostretch.com_RemoteWebDriver_17-08-07_07_37_14_6579&_timestamp[0]=1502091434565, deviceName=632E9899, platform=ANY, password=, driverClass=io.appium.java_client.android.AndroidDriver, automationName=Appium, host=partners.perfectomobile.com, singleTestReportUrl=https://partners.reporting.perfectomobile.com?externalId[0]=is_user2@infostretch.com_RemoteWebDriver_17-08-07_07_37_14_6579&_timestamp[0]=1502091434565, takesScreenshot=true, javascriptEnabled=true, platformName=Android, applicationName=Amazon, rotatable=true, testGridReportUrl=https://partners.reporting.perfectomobile.com?externalId[0]=is_user2@infostretch.com_RemoteWebDriver_17-08-07_07_37_14_6579&_timestamp[0]=1502091434565, entityType=appium_driver, serverConnector=, securityToken=, executionId=is_user2@infostretch.com_RemoteWebDriver_17-08-07_07_37_14_6579, webdriver.remote.sessionid=907198e4-4ba2-4865-a0f6-dc5d08c0f45f, autoLaunch=true, locationContextEnabled=true, scriptName=RemoteWebDriver, reportKey=is_user2@infostretch.com_RemoteWebDriver_17-08-07_07_37_14_6579, windTunnelReportUrl=https://partners.reporting.perfectomobile.com?externalId[0]=is_user2@infostretch.com_RemoteWebDriver_17-08-07_07_37_14_6579&_timestamp[0]=1502091434565, user=, cssSelectorsEnabled=true, autoAcceptAlerts=true}]
Session ID: 907198e4-4ba2-4865-a0f6-dc5d08c0f45f
	at .When user enter preoduct name to search box(scenarios/suite1.bdd:7)
	at org.openqa.selenium.remote.ErrorHandler.createThrowable(ErrorHandler.java:206)
	at org.openqa.selenium.remote.ErrorHandler.throwIfResponseFailed(ErrorHandler.java:158)
	at org.openqa.selenium.remote.RemoteWebDriver.execute(RemoteWebDriver.java:678)
	at com.qmetry.qaf.automation.ui.webdriver.QAFExtendedWebDriver.execute(QAFExtendedWebDriver.java:234)
	at org.openqa.selenium.remote.RemoteExecuteMethod.execute(RemoteExecuteMethod.java:35)
	at org.openqa.selenium.remote.RemoteMouse.mouseMove(RemoteMouse.java:89)
	at org.openqa.selenium.interactions.internal.MouseAction.moveToLocation(MouseAction.java:59)
	at org.openqa.selenium.interactions.ClickAction.perform(ClickAction.java:36)
	at org.openqa.selenium.interactions.CompositeAction.perform(CompositeAction.java:50)
	at com.perfecto.sample.steps.StepsBackLog.enter_preoduct_name_to_search_box_aroundBody2(StepsBackLog.java:40)
	at com.qmetry.qaf.automation.step.JavaStepReporter.javaTestStep(JavaStepReporter.java:101)
	at com.perfecto.sample.steps.StepsBackLog.enter_preoduct_name_to_search_box(StepsBackLog.java:33)
	at com.qmetry.qaf.automation.step.JavaStep.doExecute(JavaStep.java:160)
	at com.qmetry.qaf.automation.step.BaseTestStep.execute(BaseTestStep.java:149)
	at com.qmetry.qaf.automation.step.StringTestStep.execute(StringTestStep.java:134)
	at com.qmetry.qaf.automation.step.client.Scenario.execute(Scenario.java:167)
	at com.qmetry.qaf.automation.step.client.Scenario.scenario(Scenario.java:219)
Caused by: java.lang.NullPointerException
	at org.openqa.selenium.support.events.internal.EventFiringMouse.mouseMove(EventFiringMouse.java:58)
	at org.openqa.selenium.remote.server.handler.interactions.MouseMoveToLocation.call(MouseMoveToLocation.java:59)
	at org.openqa.selenium.remote.server.handler.interactions.MouseMoveToLocation.call(MouseMoveToLocation.java:32)
	at java.util.concurrent.FutureTask.run(FutureTask.java:266)
	at org.openqa.selenium.remote.server.MobileDefaultSession$1.run(MobileDefaultSession.java:188)
	at java.util.concurrent.ThreadPoolExecutor.runWorker(ThreadPoolExecutor.java:1142)
	at java.util.concurrent.ThreadPoolExecutor$Worker.run(ThreadPoolExecutor.java:617)
	at java.lang.Thread.run(Thread.java:745)
]]>
    </failure>
  </testcase> <!-- SampleTest -->
</testsuite> <!-- BDD Test -->
