<?xml version="1.0" encoding="UTF-8"?>
<!-- Generated by org.testng.reporters.JUnitXMLReporter -->
<testsuite hostname="ICPL11493" ignored="0" name="BDD Test" tests="1" failures="1" timestamp="08 Aug 2017 06:45:05 GMT" time="64.196" errors="0">
  <testcase name="SampleTest" time="41.569" classname="com.qmetry.qaf.automation.step.client.Scenario">
    <failure type="org.openqa.selenium.WebDriverException" message="Failed to execute command touch swipe: Error parsing function &amp;apos;touch swipe&amp;apos;, &amp;apos;duration&amp;apos; must be within range: 0 - 10, actual value was &amp;apos;2000&amp;apos;.
Command duration or timeout: 250 milliseconds
Build info: version: &amp;apos;2.53.0&amp;apos;, revision: &amp;apos;35ae25b1534ae328c771e0856c93e187490ca824&amp;apos;, time: &amp;apos;2016-03-15 10:43:46&amp;apos;
System info: host: &amp;apos;ICPL11493&amp;apos;, ip: &amp;apos;10.11.31.109&amp;apos;, os.name: &amp;apos;Windows 8&amp;apos;, os.arch: &amp;apos;amd64&amp;apos;, os.version: &amp;apos;6.2&amp;apos;, java.version: &amp;apos;1.8.0_111&amp;apos;
Driver info: io.appium.java_client.android.AndroidDriver
Capabilities [{appPackage=com.flipkart.android, reportPdfUrl=https://partners.reporting.perfectomobile.com/export/api/v1/test-executions/pdf?externalId[0]=is_user2@infostretch.com_RemoteWebDriver_17-08-08_06_44_02_8034&amp;amp;_timestamp[0]=1502174642967, deviceName=3219D3B1, platform=ANY, password=, driverClass=io.appium.java_client.android.AndroidDriver, automationName=Appium, host=partners.perfectomobile.com, singleTestReportUrl=https://partners.reporting.perfectomobile.com?externalId[0]=is_user2@infostretch.com_RemoteWebDriver_17-08-08_06_44_02_8034&amp;amp;_timestamp[0]=1502174642967, takesScreenshot=true, javascriptEnabled=true, platformName=Android, applicationName=Flipkart, rotatable=true, testGridReportUrl=https://partners.reporting.perfectomobile.com?externalId[0]=is_user2@infostretch.com_RemoteWebDriver_17-08-08_06_44_02_8034&amp;amp;_timestamp[0]=1502174642967, entityType=appium_driver, serverConnector=, securityToken=, executionId=is_user2@infostretch.com_RemoteWebDriver_17-08-08_06_44_02_8034, webdriver.remote.sessionid=87a2e045-dc9c-4baa-8d9d-f400b5a22b1f, autoLaunch=true, locationContextEnabled=true, scriptName=RemoteWebDriver, reportKey=is_user2@infostretch.com_RemoteWebDriver_17-08-08_06_44_02_8034, windTunnelReportUrl=https://partners.reporting.perfectomobile.com?externalId[0]=is_user2@infostretch.com_RemoteWebDriver_17-08-08_06_44_02_8034&amp;amp;_timestamp[0]=1502174642967, user=, cssSelectorsEnabled=true, autoAcceptAlerts=true}]
Session ID: 87a2e045-dc9c-4baa-8d9d-f400b5a22b1f">
      <![CDATA[org.openqa.selenium.WebDriverException: Failed to execute command touch swipe: Error parsing function 'touch swipe', 'duration' must be within range: 0 - 10, actual value was '2000'.
Command duration or timeout: 250 milliseconds
Build info: version: '2.53.0', revision: '35ae25b1534ae328c771e0856c93e187490ca824', time: '2016-03-15 10:43:46'
System info: host: 'ICPL11493', ip: '10.11.31.109', os.name: 'Windows 8', os.arch: 'amd64', os.version: '6.2', java.version: '1.8.0_111'
Driver info: io.appium.java_client.android.AndroidDriver
Capabilities [{appPackage=com.flipkart.android, reportPdfUrl=https://partners.reporting.perfectomobile.com/export/api/v1/test-executions/pdf?externalId[0]=is_user2@infostretch.com_RemoteWebDriver_17-08-08_06_44_02_8034&_timestamp[0]=1502174642967, deviceName=3219D3B1, platform=ANY, password=, driverClass=io.appium.java_client.android.AndroidDriver, automationName=Appium, host=partners.perfectomobile.com, singleTestReportUrl=https://partners.reporting.perfectomobile.com?externalId[0]=is_user2@infostretch.com_RemoteWebDriver_17-08-08_06_44_02_8034&_timestamp[0]=1502174642967, takesScreenshot=true, javascriptEnabled=true, platformName=Android, applicationName=Flipkart, rotatable=true, testGridReportUrl=https://partners.reporting.perfectomobile.com?externalId[0]=is_user2@infostretch.com_RemoteWebDriver_17-08-08_06_44_02_8034&_timestamp[0]=1502174642967, entityType=appium_driver, serverConnector=, securityToken=, executionId=is_user2@infostretch.com_RemoteWebDriver_17-08-08_06_44_02_8034, webdriver.remote.sessionid=87a2e045-dc9c-4baa-8d9d-f400b5a22b1f, autoLaunch=true, locationContextEnabled=true, scriptName=RemoteWebDriver, reportKey=is_user2@infostretch.com_RemoteWebDriver_17-08-08_06_44_02_8034, windTunnelReportUrl=https://partners.reporting.perfectomobile.com?externalId[0]=is_user2@infostretch.com_RemoteWebDriver_17-08-08_06_44_02_8034&_timestamp[0]=1502174642967, user=, cssSelectorsEnabled=true, autoAcceptAlerts=true}]
Session ID: 87a2e045-dc9c-4baa-8d9d-f400b5a22b1f
	at .And user select apple I phone gold(scenarios/suite1.bdd:9)
	at org.openqa.selenium.remote.ErrorHandler.createThrowable(ErrorHandler.java:206)
	at org.openqa.selenium.remote.ErrorHandler.throwIfResponseFailed(ErrorHandler.java:158)
	at org.openqa.selenium.remote.RemoteWebDriver.execute(RemoteWebDriver.java:678)
	at io.appium.java_client.DefaultGenericMobileDriver.execute(DefaultGenericMobileDriver.java:42)
	at io.appium.java_client.AppiumDriver.execute(AppiumDriver.java:1)
	at io.appium.java_client.android.AndroidDriver.execute(AndroidDriver.java:1)
	at org.openqa.selenium.remote.RemoteWebDriver.executeScript(RemoteWebDriver.java:577)
	at com.perfecto.sample.utils.PerfectoUtilities.swipe(PerfectoUtilities.java:263)
	at com.perfecto.sample.steps.StepsBackLog.user_select_apple_I_phone_gold_aroundBody6(StepsBackLog.java:62)
	at com.qmetry.qaf.automation.step.JavaStepReporter.javaTestStep(JavaStepReporter.java:101)
	at com.perfecto.sample.steps.StepsBackLog.user_select_apple_I_phone_gold(StepsBackLog.java:59)
	at com.qmetry.qaf.automation.step.JavaStep.doExecute(JavaStep.java:160)
	at com.qmetry.qaf.automation.step.BaseTestStep.execute(BaseTestStep.java:149)
	at com.qmetry.qaf.automation.step.StringTestStep.execute(StringTestStep.java:134)
	at com.qmetry.qaf.automation.step.client.Scenario.execute(Scenario.java:167)
	at com.qmetry.qaf.automation.step.client.Scenario.scenario(Scenario.java:219)
Caused by: java.lang.RuntimeException: Failed to execute command touch swipe: Error parsing function 'touch swipe', 'duration' must be within range: 0 - 10, actual value was '2000'.
	at com.perfectomobile.selenium.MobileEntity.processCommonResponse(MobileEntity.java:102)
	at com.perfectomobile.selenium.MobileDevice.processResponse(MobileDevice.java:525)
	at com.perfectomobile.selenium.MobileEntity.executeDataCommand(MobileEntity.java:68)
	at com.perfectomobile.selenium.MobileEntity.executeDataCommand(MobileEntity.java:61)
	at com.perfectomobile.selenium.MobileDevice.executeGenericCommand(MobileDevice.java:596)
	at com.perfectomobile.selenium.MobileDevice.executeGenericCommand(MobileDevice.java:55)
	at com.perfectomobile.selenium.server.appium.ExecuteScript.executeGenericCommand(ExecuteScript.java:111)
	at com.perfectomobile.selenium.server.appium.ExecuteScript.executeGenericCommand(ExecuteScript.java:71)
	at com.perfectomobile.selenium.server.appium.ExecuteScript.mobileCall(ExecuteScript.java:40)
	at com.perfectomobile.selenium.server.MobileWebDriverHandler.call(MobileWebDriverHandler.java:23)
	at java.util.concurrent.FutureTask.run(FutureTask.java:266)
	at org.openqa.selenium.remote.server.MobileDefaultSession$1.run(MobileDefaultSession.java:188)
	at java.util.concurrent.ThreadPoolExecutor.runWorker(ThreadPoolExecutor.java:1142)
	at java.util.concurrent.ThreadPoolExecutor$Worker.run(ThreadPoolExecutor.java:617)
	at java.lang.Thread.run(Thread.java:745)
]]>
    </failure>
  </testcase> <!-- SampleTest -->
</testsuite> <!-- BDD Test -->
