<?xml version="1.0" encoding="UTF-8"?>
<testng-results skipped="0" failed="0" ignored="0" total="1" passed="1">
  <reporter-output>
    <line>
      <![CDATA[<div style="display:block;margin-left:10px;"><div  class="teststeppass"><span class="teststeppass-label">T </span>Given i open application</div><div  class="teststeppass"><span class="teststeppass-label">T </span>When user enter preoduct name to search box</div><div style="display:block;margin-left:10px;"><div  class="info"><span class="info-label">I </span>page open <a href="img/SampleTest_1koxaskyr7x1g65431.png" target="_blank">[View Screenshot]</a> </div></div><div  class="teststeppass"><span class="teststeppass-label">T </span>And user able to see all the list of mobiles</div><div style="display:block;margin-left:10px;"><div  class="info"><span class="info-label">I </span>0 <a href="img/SampleTest_4yi87lsnr0lw65432.png" target="_blank">[View Screenshot]</a> </div></div></div>]]>
    </line>
  </reporter-output>
  <suite name="QAS Demo" duration-ms="54173" started-at="2017-08-07T13:13:51Z" finished-at="2017-08-07T13:14:45Z">
    <groups>
      <group name="SMOKE">
        <method signature="scenarios.suite1.bdd.SampleTest()[pri:1000, instance:com.qmetry.qaf.automation.step.client.Scenario@3e8]" name="SampleTest" class="com.qmetry.qaf.automation.step.client.Scenario"/>
      </group> <!-- SMOKE -->
    </groups>
    <test name="BDD Test" duration-ms="54173" started-at="2017-08-07T13:13:51Z" finished-at="2017-08-07T13:14:45Z">
      <class name="com.qmetry.qaf.automation.step.client.Scenario">
        <test-method status="PASS" signature="setupSuit(org.testng.ITestContext)[pri:0, instance:com.qmetry.qaf.automation.step.client.Scenario@3e8]" test-instance-name="SampleTest" name="setupSuit" is-config="true" duration-ms="22" started-at="2017-08-07T18:43:51Z" finished-at="2017-08-07T18:43:51Z">
          <params>
            <param index="0">
              <value>
                <![CDATA[org.testng.TestRunner@4278a03f]]>
              </value>
            </param>
          </params>
          <reporter-output>
          </reporter-output>
        </test-method> <!-- setupSuit -->
        <test-method status="PASS" signature="setupTest(org.testng.ITestContext)[pri:0, instance:com.qmetry.qaf.automation.step.client.Scenario@3e8]" test-instance-name="SampleTest" name="setupTest" is-config="true" duration-ms="2" started-at="2017-08-07T18:43:51Z" finished-at="2017-08-07T18:43:51Z">
          <params>
            <param index="0">
              <value>
                <![CDATA[org.testng.TestRunner@4278a03f]]>
              </value>
            </param>
          </params>
          <reporter-output>
          </reporter-output>
        </test-method> <!-- setupTest -->
        <test-method status="PASS" signature="setup(org.testng.ITestContext)[pri:0, instance:com.qmetry.qaf.automation.step.client.Scenario@3e8]" test-instance-name="SampleTest" name="setup" is-config="true" duration-ms="0" started-at="2017-08-07T18:43:51Z" finished-at="2017-08-07T18:43:51Z">
          <params>
            <param index="0">
              <value>
                <![CDATA[org.testng.TestRunner@4278a03f]]>
              </value>
            </param>
          </params>
          <reporter-output>
          </reporter-output>
        </test-method> <!-- setup -->
        <test-method status="PASS" signature="setupMethod(java.lang.reflect.Method, org.testng.ITestContext)[pri:0, instance:com.qmetry.qaf.automation.step.client.Scenario@3e8]" test-instance-name="SampleTest" name="setupMethod" is-config="true" duration-ms="1" started-at="2017-08-07T18:43:51Z" finished-at="2017-08-07T18:43:51Z">
          <params>
            <param index="0">
              <value>
                <![CDATA[public void com.qmetry.qaf.automation.step.client.Scenario.scenario()]]>
              </value>
            </param>
            <param index="1">
              <value>
                <![CDATA[org.testng.TestRunner@4278a03f]]>
              </value>
            </param>
          </params>
          <reporter-output>
          </reporter-output>
        </test-method> <!-- setupMethod -->
        <test-method status="PASS" signature="SampleTest()[pri:1000, instance:com.qmetry.qaf.automation.step.client.Scenario@3e8]" test-instance-name="SampleTest" name="SampleTest" duration-ms="36411" started-at="2017-08-07T18:43:51Z" description="Sample Test Scenario" finished-at="2017-08-07T18:44:27Z">
          <reporter-output>
            <line>
              <![CDATA[<div style="display:block;margin-left:10px;"><div  class="teststeppass"><span class="teststeppass-label">T </span>Given i open application</div><div  class="teststeppass"><span class="teststeppass-label">T </span>When user enter preoduct name to search box</div><div style="display:block;margin-left:10px;"><div  class="info"><span class="info-label">I </span>page open <a href="img/SampleTest_1koxaskyr7x1g65431.png" target="_blank">[View Screenshot]</a> </div></div><div  class="teststeppass"><span class="teststeppass-label">T </span>And user able to see all the list of mobiles</div><div style="display:block;margin-left:10px;"><div  class="info"><span class="info-label">I </span>0 <a href="img/SampleTest_4yi87lsnr0lw65432.png" target="_blank">[View Screenshot]</a> </div></div></div>]]>
            </line>
          </reporter-output>
        </test-method> <!-- SampleTest -->
        <test-method status="PASS" signature="afterMethod(org.testng.ITestContext, org.testng.ITestResult)[pri:0, instance:com.qmetry.qaf.automation.step.client.Scenario@3e8]" test-instance-name="SampleTest" name="afterMethod" is-config="true" duration-ms="0" started-at="2017-08-07T18:44:27Z" finished-at="2017-08-07T18:44:27Z">
          <params>
            <param index="0">
              <value>
                <![CDATA[org.testng.TestRunner@4278a03f]]>
              </value>
            </param>
            <param index="1">
              <value>
                <![CDATA[[TestResult name=SampleTest status=SUCCESS method=scenarios.suite1.bdd.SampleTest()[pri:1000, instance:com.qmetry.qaf.automation.step.client.Scenario@3e8] output=<div style="display:block;margin-left:10px;"><div  class="teststeppass"><span class="teststeppass-label">T </span>Given i open application</div><div  class="teststeppass"><span class="teststeppass-label">T </span>When user enter preoduct name to search box</div><div style="display:block;margin-left:10px;"><div  class="info"><span class="info-label">I </span>page open <a href="img/SampleTest_1koxaskyr7x1g65431.png" target="_blank">[View Screenshot]</a> </div></div><div  class="teststeppass"><span class="teststeppass-label">T </span>And user able to see all the list of mobiles</div><div style="display:block;margin-left:10px;"><div  class="info"><span class="info-label">I </span>0 <a href="img/SampleTest_4yi87lsnr0lw65432.png" target="_blank">[View Screenshot]</a> </div></div></div>]]]>
              </value>
            </param>
          </params>
          <reporter-output>
          </reporter-output>
        </test-method> <!-- afterMethod -->
        <test-method status="PASS" signature="afterClass(org.testng.ITestContext)[pri:0, instance:com.qmetry.qaf.automation.step.client.Scenario@3e8]" test-instance-name="SampleTest" name="afterClass" is-config="true" duration-ms="1" started-at="2017-08-07T18:44:27Z" finished-at="2017-08-07T18:44:27Z">
          <params>
            <param index="0">
              <value>
                <![CDATA[org.testng.TestRunner@4278a03f]]>
              </value>
            </param>
          </params>
          <reporter-output>
          </reporter-output>
        </test-method> <!-- afterClass -->
        <test-method status="PASS" signature="afterTest(org.testng.ITestContext)[pri:0, instance:com.qmetry.qaf.automation.step.client.Scenario@3e8]" test-instance-name="SampleTest" name="afterTest" is-config="true" duration-ms="17705" started-at="2017-08-07T18:44:27Z" finished-at="2017-08-07T18:44:45Z">
          <params>
            <param index="0">
              <value>
                <![CDATA[org.testng.TestRunner@4278a03f]]>
              </value>
            </param>
          </params>
          <reporter-output>
          </reporter-output>
        </test-method> <!-- afterTest -->
        <test-method status="PASS" signature="afterSuit(org.testng.ITestContext)[pri:0, instance:com.qmetry.qaf.automation.step.client.Scenario@3e8]" test-instance-name="SampleTest" name="afterSuit" is-config="true" duration-ms="0" started-at="2017-08-07T18:44:45Z" finished-at="2017-08-07T18:44:45Z">
          <params>
            <param index="0">
              <value>
                <![CDATA[org.testng.TestRunner@4278a03f]]>
              </value>
            </param>
          </params>
          <reporter-output>
          </reporter-output>
        </test-method> <!-- afterSuit -->
      </class> <!-- com.qmetry.qaf.automation.step.client.Scenario -->
    </test> <!-- BDD Test -->
  </suite> <!-- QAS Demo -->
</testng-results>
