<?xml version="1.0" encoding="UTF-8"?>
<testng-results skipped="0" failed="1" ignored="0" total="1" passed="0">
  <reporter-output>
    <line>
      <![CDATA[<div style="display:block;margin-left:10px;"><div  class="teststeppass"><span class="teststeppass-label">T </span>Given i open application</div><div  class="teststepfail"><span class="teststepfail-label">T </span>When user enter preoduct name to search box <a href="../img/SampleTest_1u4n52d5n2r0323090.png" target="_blank">[View Screenshot]</a> </div><div style="display:block;margin-left:10px;"><div  class="info"><span class="info-label">I </span>page open <a href="../img/SampleTest_au99qplkn28d23089.png" target="_blank">[View Screenshot]</a> </div><div  class="fail"><span class="fail-label">F </span>Build info: version: '2.53.0', revision: '35ae25b1534ae328c771e0856c93e187490ca824', time: '2016-03-15 10:43:46'
System info: host: 'ICPL11493', ip: '10.11.31.109', os.name: 'Windows 8', os.arch: 'amd64', os.version: '6.2', java.version: '1.8.0_111'
Driver info: com.qmetry.qaf.automation.ui.webdriver.QAFExtendedWebDriver
Capabilities [{appPackage=com.amazon.mShop.android, reportPdfUrl=https://partners.reporting.perfectomobile.com/export/api/v1/test-executions/pdf?externalId[0]=is_user2@infostretch.com_RemoteWebDriver_17-08-07_07_37_14_6579&_timestamp[0]=1502091434565, deviceName=632E9899, platform=ANY, password=, driverClass=io.appium.java_client.android.AndroidDriver, automationName=Appium, host=partners.perfectomobile.com, singleTestReportUrl=https://partners.reporting.perfectomobile.com?externalId[0]=is_user2@infostretch.com_RemoteWebDriver_17-08-07_07_37_14_6579&_timestamp[0]=1502091434565, takesScreenshot=true, javascriptEnabled=true, platformName=Android, applicationName=Amazon, rotatable=true, testGridReportUrl=https://partners.reporting.perfectomobile.com?externalId[0]=is_user2@infostretch.com_RemoteWebDriver_17-08-07_07_37_14_6579&_timestamp[0]=1502091434565, entityType=appium_driver, serverConnector=, securityToken=, executionId=is_user2@infostretch.com_RemoteWebDriver_17-08-07_07_37_14_6579, webdriver.remote.sessionid=907198e4-4ba2-4865-a0f6-dc5d08c0f45f, autoLaunch=true, locationContextEnabled=true, scriptName=RemoteWebDriver, reportKey=is_user2@infostretch.com_RemoteWebDriver_17-08-07_07_37_14_6579, windTunnelReportUrl=https://partners.reporting.perfectomobile.com?externalId[0]=is_user2@infostretch.com_RemoteWebDriver_17-08-07_07_37_14_6579&_timestamp[0]=1502091434565, user=, cssSelectorsEnabled=true, autoAcceptAlerts=true}]
Session ID: 907198e4-4ba2-4865-a0f6-dc5d08c0f45f</div></div></div>]]>
    </line>
  </reporter-output>
  <suite name="QAS Demo" duration-ms="50273" started-at="2017-08-07T07:37:12Z" finished-at="2017-08-07T07:38:02Z">
    <groups>
      <group name="SMOKE">
        <method signature="scenarios.suite1.bdd.SampleTest()[pri:1000, instance:com.qmetry.qaf.automation.step.client.Scenario@3e8]" name="SampleTest" class="com.qmetry.qaf.automation.step.client.Scenario"/>
      </group> <!-- SMOKE -->
    </groups>
    <test name="BDD Test" duration-ms="50273" started-at="2017-08-07T07:37:12Z" finished-at="2017-08-07T07:38:02Z">
      <class name="com.qmetry.qaf.automation.step.client.Scenario">
        <test-method status="PASS" signature="setupSuit(org.testng.ITestContext)[pri:0, instance:com.qmetry.qaf.automation.step.client.Scenario@3e8]" test-instance-name="SampleTest" name="setupSuit" is-config="true" duration-ms="17" started-at="2017-08-07T13:07:12Z" finished-at="2017-08-07T13:07:12Z">
          <params>
            <param index="0">
              <value>
                <![CDATA[org.testng.TestRunner@667a738]]>
              </value>
            </param>
          </params>
          <reporter-output>
          </reporter-output>
        </test-method> <!-- setupSuit -->
        <test-method status="PASS" signature="setupTest(org.testng.ITestContext)[pri:0, instance:com.qmetry.qaf.automation.step.client.Scenario@3e8]" test-instance-name="SampleTest" name="setupTest" is-config="true" duration-ms="3" started-at="2017-08-07T13:07:12Z" finished-at="2017-08-07T13:07:12Z">
          <params>
            <param index="0">
              <value>
                <![CDATA[org.testng.TestRunner@667a738]]>
              </value>
            </param>
          </params>
          <reporter-output>
          </reporter-output>
        </test-method> <!-- setupTest -->
        <test-method status="PASS" signature="setup(org.testng.ITestContext)[pri:0, instance:com.qmetry.qaf.automation.step.client.Scenario@3e8]" test-instance-name="SampleTest" name="setup" is-config="true" duration-ms="1" started-at="2017-08-07T13:07:12Z" finished-at="2017-08-07T13:07:12Z">
          <params>
            <param index="0">
              <value>
                <![CDATA[org.testng.TestRunner@667a738]]>
              </value>
            </param>
          </params>
          <reporter-output>
          </reporter-output>
        </test-method> <!-- setup -->
        <test-method status="PASS" signature="setupMethod(java.lang.reflect.Method, org.testng.ITestContext)[pri:0, instance:com.qmetry.qaf.automation.step.client.Scenario@3e8]" test-instance-name="SampleTest" name="setupMethod" is-config="true" duration-ms="1" started-at="2017-08-07T13:07:12Z" finished-at="2017-08-07T13:07:12Z">
          <params>
            <param index="0">
              <value>
                <![CDATA[public void com.qmetry.qaf.automation.step.client.Scenario.scenario()]]>
              </value>
            </param>
            <param index="1">
              <value>
                <![CDATA[org.testng.TestRunner@667a738]]>
              </value>
            </param>
          </params>
          <reporter-output>
          </reporter-output>
        </test-method> <!-- setupMethod -->
        <test-method status="FAIL" signature="SampleTest()[pri:1000, instance:com.qmetry.qaf.automation.step.client.Scenario@3e8]" test-instance-name="SampleTest" name="SampleTest" duration-ms="28865" started-at="2017-08-07T13:07:12Z" description="Sample Test Scenario" finished-at="2017-08-07T13:07:41Z">
          <exception class="org.openqa.selenium.WebDriverException">
            <message>
              <![CDATA[Build info: version: '2.53.0', revision: '35ae25b1534ae328c771e0856c93e187490ca824', time: '2016-03-15 10:43:46'
System info: host: 'ICPL11493', ip: '10.11.31.109', os.name: 'Windows 8', os.arch: 'amd64', os.version: '6.2', java.version: '1.8.0_111'
Driver info: com.qmetry.qaf.automation.ui.webdriver.QAFExtendedWebDriver
Capabilities [{appPackage=com.amazon.mShop.android, reportPdfUrl=https://partners.reporting.perfectomobile.com/export/api/v1/test-executions/pdf?externalId[0]=is_user2@infostretch.com_RemoteWebDriver_17-08-07_07_37_14_6579&_timestamp[0]=1502091434565, deviceName=632E9899, platform=ANY, password=, driverClass=io.appium.java_client.android.AndroidDriver, automationName=Appium, host=partners.perfectomobile.com, singleTestReportUrl=https://partners.reporting.perfectomobile.com?externalId[0]=is_user2@infostretch.com_RemoteWebDriver_17-08-07_07_37_14_6579&_timestamp[0]=1502091434565, takesScreenshot=true, javascriptEnabled=true, platformName=Android, applicationName=Amazon, rotatable=true, testGridReportUrl=https://partners.reporting.perfectomobile.com?externalId[0]=is_user2@infostretch.com_RemoteWebDriver_17-08-07_07_37_14_6579&_timestamp[0]=1502091434565, entityType=appium_driver, serverConnector=, securityToken=, executionId=is_user2@infostretch.com_RemoteWebDriver_17-08-07_07_37_14_6579, webdriver.remote.sessionid=907198e4-4ba2-4865-a0f6-dc5d08c0f45f, autoLaunch=true, locationContextEnabled=true, scriptName=RemoteWebDriver, reportKey=is_user2@infostretch.com_RemoteWebDriver_17-08-07_07_37_14_6579, windTunnelReportUrl=https://partners.reporting.perfectomobile.com?externalId[0]=is_user2@infostretch.com_RemoteWebDriver_17-08-07_07_37_14_6579&_timestamp[0]=1502091434565, user=, cssSelectorsEnabled=true, autoAcceptAlerts=true}]
Session ID: 907198e4-4ba2-4865-a0f6-dc5d08c0f45f]]>
            </message>
            <full-stacktrace>
              <![CDATA[org.openqa.selenium.WebDriverException: Build info: version: '2.53.0', revision: '35ae25b1534ae328c771e0856c93e187490ca824', time: '2016-03-15 10:43:46'
System info: host: 'ICPL11493', ip: '10.11.31.109', os.name: 'Windows 8', os.arch: 'amd64', os.version: '6.2', java.version: '1.8.0_111'
Driver info: com.qmetry.qaf.automation.ui.webdriver.QAFExtendedWebDriver
Capabilities [{appPackage=com.amazon.mShop.android, reportPdfUrl=https://partners.reporting.perfectomobile.com/export/api/v1/test-executions/pdf?externalId[0]=is_user2@infostretch.com_RemoteWebDriver_17-08-07_07_37_14_6579&_timestamp[0]=1502091434565, deviceName=632E9899, platform=ANY, password=, driverClass=io.appium.java_client.android.AndroidDriver, automationName=Appium, host=partners.perfectomobile.com, singleTestReportUrl=https://partners.reporting.perfectomobile.com?externalId[0]=is_user2@infostretch.com_RemoteWebDriver_17-08-07_07_37_14_6579&_timestamp[0]=1502091434565, takesScreenshot=true, javascriptEnabled=true, platformName=Android, applicationName=Amazon, rotatable=true, testGridReportUrl=https://partners.reporting.perfectomobile.com?externalId[0]=is_user2@infostretch.com_RemoteWebDriver_17-08-07_07_37_14_6579&_timestamp[0]=1502091434565, entityType=appium_driver, serverConnector=, securityToken=, executionId=is_user2@infostretch.com_RemoteWebDriver_17-08-07_07_37_14_6579, webdriver.remote.sessionid=907198e4-4ba2-4865-a0f6-dc5d08c0f45f, autoLaunch=true, locationContextEnabled=true, scriptName=RemoteWebDriver, reportKey=is_user2@infostretch.com_RemoteWebDriver_17-08-07_07_37_14_6579, windTunnelReportUrl=https://partners.reporting.perfectomobile.com?externalId[0]=is_user2@infostretch.com_RemoteWebDriver_17-08-07_07_37_14_6579&_timestamp[0]=1502091434565, user=, cssSelectorsEnabled=true, autoAcceptAlerts=true}]
Session ID: 907198e4-4ba2-4865-a0f6-dc5d08c0f45f
	at .When user enter preoduct name to search box(scenarios/suite1.bdd:7)
	at org.openqa.selenium.remote.ErrorHandler.createThrowable(ErrorHandler.java:206)
	at org.openqa.selenium.remote.ErrorHandler.throwIfResponseFailed(ErrorHandler.java:158)
	at org.openqa.selenium.remote.RemoteWebDriver.execute(RemoteWebDriver.java:678)
	at com.qmetry.qaf.automation.ui.webdriver.QAFExtendedWebDriver.execute(QAFExtendedWebDriver.java:234)
	at org.openqa.selenium.remote.RemoteExecuteMethod.execute(RemoteExecuteMethod.java:35)
	at org.openqa.selenium.remote.RemoteMouse.mouseMove(RemoteMouse.java:89)
	at org.openqa.selenium.interactions.internal.MouseAction.moveToLocation(MouseAction.java:59)
	at org.openqa.selenium.interactions.ClickAction.perform(ClickAction.java:36)
	at org.openqa.selenium.interactions.CompositeAction.perform(CompositeAction.java:50)
	at com.perfecto.sample.steps.StepsBackLog.enter_preoduct_name_to_search_box_aroundBody2(StepsBackLog.java:40)
	at com.qmetry.qaf.automation.step.JavaStepReporter.javaTestStep(JavaStepReporter.java:101)
	at com.perfecto.sample.steps.StepsBackLog.enter_preoduct_name_to_search_box(StepsBackLog.java:33)
	at com.qmetry.qaf.automation.step.JavaStep.doExecute(JavaStep.java:160)
	at com.qmetry.qaf.automation.step.BaseTestStep.execute(BaseTestStep.java:149)
	at com.qmetry.qaf.automation.step.StringTestStep.execute(StringTestStep.java:134)
	at com.qmetry.qaf.automation.step.client.Scenario.execute(Scenario.java:167)
	at com.qmetry.qaf.automation.step.client.Scenario.scenario(Scenario.java:219)
Caused by: java.lang.NullPointerException
	at org.openqa.selenium.support.events.internal.EventFiringMouse.mouseMove(EventFiringMouse.java:58)
	at org.openqa.selenium.remote.server.handler.interactions.MouseMoveToLocation.call(MouseMoveToLocation.java:59)
	at org.openqa.selenium.remote.server.handler.interactions.MouseMoveToLocation.call(MouseMoveToLocation.java:32)
	at java.util.concurrent.FutureTask.run(FutureTask.java:266)
	at org.openqa.selenium.remote.server.MobileDefaultSession$1.run(MobileDefaultSession.java:188)
	at java.util.concurrent.ThreadPoolExecutor.runWorker(ThreadPoolExecutor.java:1142)
	at java.util.concurrent.ThreadPoolExecutor$Worker.run(ThreadPoolExecutor.java:617)
	at java.lang.Thread.run(Thread.java:745)
]]>
            </full-stacktrace>
          </exception> <!-- org.openqa.selenium.WebDriverException -->
          <reporter-output>
            <line>
              <![CDATA[<div style="display:block;margin-left:10px;"><div  class="teststeppass"><span class="teststeppass-label">T </span>Given i open application</div><div  class="teststepfail"><span class="teststepfail-label">T </span>When user enter preoduct name to search box <a href="../img/SampleTest_1u4n52d5n2r0323090.png" target="_blank">[View Screenshot]</a> </div><div style="display:block;margin-left:10px;"><div  class="info"><span class="info-label">I </span>page open <a href="../img/SampleTest_au99qplkn28d23089.png" target="_blank">[View Screenshot]</a> </div><div  class="fail"><span class="fail-label">F </span>Build info: version: '2.53.0', revision: '35ae25b1534ae328c771e0856c93e187490ca824', time: '2016-03-15 10:43:46'
System info: host: 'ICPL11493', ip: '10.11.31.109', os.name: 'Windows 8', os.arch: 'amd64', os.version: '6.2', java.version: '1.8.0_111'
Driver info: com.qmetry.qaf.automation.ui.webdriver.QAFExtendedWebDriver
Capabilities [{appPackage=com.amazon.mShop.android, reportPdfUrl=https://partners.reporting.perfectomobile.com/export/api/v1/test-executions/pdf?externalId[0]=is_user2@infostretch.com_RemoteWebDriver_17-08-07_07_37_14_6579&_timestamp[0]=1502091434565, deviceName=632E9899, platform=ANY, password=, driverClass=io.appium.java_client.android.AndroidDriver, automationName=Appium, host=partners.perfectomobile.com, singleTestReportUrl=https://partners.reporting.perfectomobile.com?externalId[0]=is_user2@infostretch.com_RemoteWebDriver_17-08-07_07_37_14_6579&_timestamp[0]=1502091434565, takesScreenshot=true, javascriptEnabled=true, platformName=Android, applicationName=Amazon, rotatable=true, testGridReportUrl=https://partners.reporting.perfectomobile.com?externalId[0]=is_user2@infostretch.com_RemoteWebDriver_17-08-07_07_37_14_6579&_timestamp[0]=1502091434565, entityType=appium_driver, serverConnector=, securityToken=, executionId=is_user2@infostretch.com_RemoteWebDriver_17-08-07_07_37_14_6579, webdriver.remote.sessionid=907198e4-4ba2-4865-a0f6-dc5d08c0f45f, autoLaunch=true, locationContextEnabled=true, scriptName=RemoteWebDriver, reportKey=is_user2@infostretch.com_RemoteWebDriver_17-08-07_07_37_14_6579, windTunnelReportUrl=https://partners.reporting.perfectomobile.com?externalId[0]=is_user2@infostretch.com_RemoteWebDriver_17-08-07_07_37_14_6579&_timestamp[0]=1502091434565, user=, cssSelectorsEnabled=true, autoAcceptAlerts=true}]
Session ID: 907198e4-4ba2-4865-a0f6-dc5d08c0f45f</div></div></div>]]>
            </line>
          </reporter-output>
        </test-method> <!-- SampleTest -->
        <test-method status="PASS" signature="afterMethod(org.testng.ITestContext, org.testng.ITestResult)[pri:0, instance:com.qmetry.qaf.automation.step.client.Scenario@3e8]" test-instance-name="SampleTest" name="afterMethod" is-config="true" duration-ms="1" started-at="2017-08-07T13:07:44Z" finished-at="2017-08-07T13:07:44Z">
          <params>
            <param index="0">
              <value>
                <![CDATA[org.testng.TestRunner@667a738]]>
              </value>
            </param>
            <param index="1">
              <value>
                <![CDATA[[TestResult name=SampleTest status=FAILURE method=scenarios.suite1.bdd.SampleTest()[pri:1000, instance:com.qmetry.qaf.automation.step.client.Scenario@3e8] output=<div style="display:block;margin-left:10px;"><div  class="teststeppass"><span class="teststeppass-label">T </span>Given i open application</div><div  class="teststepfail"><span class="teststepfail-label">T </span>When user enter preoduct name to search box <a href="../img/SampleTest_1u4n52d5n2r0323090.png" target="_blank">[View Screenshot]</a> </div><div style="display:block;margin-left:10px;"><div  class="info"><span class="info-label">I </span>page open <a href="../img/SampleTest_au99qplkn28d23089.png" target="_blank">[View Screenshot]</a> </div><div  class="fail"><span class="fail-label">F </span>Build info: version: '2.53.0', revision: '35ae25b1534ae328c771e0856c93e187490ca824', time: '2016-03-15 10:43:46'
System info: host: 'ICPL11493', ip: '10.11.31.109', os.name: 'Windows 8', os.arch: 'amd64', os.version: '6.2', java.version: '1.8.0_111'
Driver info: com.qmetry.qaf.automation.ui.webdriver.QAFExtendedWebDriver
Capabilities [{appPackage=com.amazon.mShop.android, reportPdfUrl=https://partners.reporting.perfectomobile.com/export/api/v1/test-executions/pdf?externalId[0]=is_user2@infostretch.com_RemoteWebDriver_17-08-07_07_37_14_6579&_timestamp[0]=1502091434565, deviceName=632E9899, platform=ANY, password=, driverClass=io.appium.java_client.android.AndroidDriver, automationName=Appium, host=partners.perfectomobile.com, singleTestReportUrl=https://partners.reporting.perfectomobile.com?externalId[0]=is_user2@infostretch.com_RemoteWebDriver_17-08-07_07_37_14_6579&_timestamp[0]=1502091434565, takesScreenshot=true, javascriptEnabled=true, platformName=Android, applicationName=Amazon, rotatable=true, testGridReportUrl=https://partners.reporting.perfectomobile.com?externalId[0]=is_user2@infostretch.com_RemoteWebDriver_17-08-07_07_37_14_6579&_timestamp[0]=1502091434565, entityType=appium_driver, serverConnector=, securityToken=, executionId=is_user2@infostretch.com_RemoteWebDriver_17-08-07_07_37_14_6579, webdriver.remote.sessionid=907198e4-4ba2-4865-a0f6-dc5d08c0f45f, autoLaunch=true, locationContextEnabled=true, scriptName=RemoteWebDriver, reportKey=is_user2@infostretch.com_RemoteWebDriver_17-08-07_07_37_14_6579, windTunnelReportUrl=https://partners.reporting.perfectomobile.com?externalId[0]=is_user2@infostretch.com_RemoteWebDriver_17-08-07_07_37_14_6579&_timestamp[0]=1502091434565, user=, cssSelectorsEnabled=true, autoAcceptAlerts=true}]
Session ID: 907198e4-4ba2-4865-a0f6-dc5d08c0f45f</div></div></div>]]]>
              </value>
            </param>
          </params>
          <reporter-output>
          </reporter-output>
        </test-method> <!-- afterMethod -->
        <test-method status="PASS" signature="afterClass(org.testng.ITestContext)[pri:0, instance:com.qmetry.qaf.automation.step.client.Scenario@3e8]" test-instance-name="SampleTest" name="afterClass" is-config="true" duration-ms="1" started-at="2017-08-07T13:07:44Z" finished-at="2017-08-07T13:07:44Z">
          <params>
            <param index="0">
              <value>
                <![CDATA[org.testng.TestRunner@667a738]]>
              </value>
            </param>
          </params>
          <reporter-output>
          </reporter-output>
        </test-method> <!-- afterClass -->
        <test-method status="PASS" signature="afterTest(org.testng.ITestContext)[pri:0, instance:com.qmetry.qaf.automation.step.client.Scenario@3e8]" test-instance-name="SampleTest" name="afterTest" is-config="true" duration-ms="18943" started-at="2017-08-07T13:07:44Z" finished-at="2017-08-07T13:08:02Z">
          <params>
            <param index="0">
              <value>
                <![CDATA[org.testng.TestRunner@667a738]]>
              </value>
            </param>
          </params>
          <reporter-output>
          </reporter-output>
        </test-method> <!-- afterTest -->
        <test-method status="PASS" signature="afterSuit(org.testng.ITestContext)[pri:0, instance:com.qmetry.qaf.automation.step.client.Scenario@3e8]" test-instance-name="SampleTest" name="afterSuit" is-config="true" duration-ms="2" started-at="2017-08-07T13:08:03Z" finished-at="2017-08-07T13:08:03Z">
          <params>
            <param index="0">
              <value>
                <![CDATA[org.testng.TestRunner@667a738]]>
              </value>
            </param>
          </params>
          <reporter-output>
          </reporter-output>
        </test-method> <!-- afterSuit -->
      </class> <!-- com.qmetry.qaf.automation.step.client.Scenario -->
    </test> <!-- BDD Test -->
  </suite> <!-- QAS Demo -->
</testng-results>
